[2026-05-18 11:35:28] Архив отсутствует для California Games II - скачиваем MP3 вместо архива
[2026-05-18 11:35:37] Архив отсутствует для Chessmaster, The - скачиваем MP3 вместо архива
[2026-05-18 11:35:43] Архив отсутствует для Claymates - скачиваем MP3 вместо архива
[2026-05-18 11:36:44] Архив отсутствует для FIFA International Soccer - скачиваем MP3 вместо архива
[2026-05-18 11:37:05] Архив отсутствует для Fushigi no Dungeon 2 - Fuurai no Shiren - скачиваем MP3 вместо архива
[2026-05-18 11:37:29] Архив отсутствует для Great Waldo Search, The - скачиваем MP3 вместо архива
[2026-05-18 11:37:51] Архив отсутствует для Houkago in Beppin Jogakuin - скачиваем MP3 вместо архива
[2026-05-18 11:37:59] Архив отсутствует для Incredible Crash Dummies, The - скачиваем MP3 вместо архива
[2026-05-18 11:38:05] Архив отсутствует для James Bond Jr. - скачиваем MP3 вместо архива
[2026-05-18 11:38:14] Архив отсутствует для John Madden Football '93 - скачиваем MP3 вместо архива
[2026-05-18 11:39:19] Архив отсутствует для Mario's Early Years - Fun with Letters - скачиваем MP3 вместо архива
[2026-05-18 11:39:42] Архив отсутствует для Monster Maker Kids - Ousama ni Naritai - скачиваем MP3 вместо архива
[2026-05-18 11:39:44] Архив отсутствует для Mr Bloopy Saves The World - скачиваем MP3 вместо архива
[2026-05-18 11:39:53] Архив отсутствует для NBA Live '96 - скачиваем MP3 вместо архива
[2026-05-18 11:39:53] Архив отсутствует для NBA Live '95 - скачиваем MP3 вместо архива
[2026-05-18 11:39:55] Архив отсутствует для NBA Showdown - скачиваем MP3 вместо архива
[2026-05-18 11:39:59] Архив отсутствует для NHL '94 - скачиваем MP3 вместо архива
[2026-05-18 11:40:14] Архив отсутствует для Out of This World - скачиваем MP3 вместо архива
[2026-05-18 11:40:21] Архив отсутствует для Paperboy 2 - скачиваем MP3 вместо архива
[2026-05-18 11:40:27] Архив отсутствует для Pit-Fighter - скачиваем MP3 вместо архива
[2026-05-18 11:40:49] Архив отсутствует для Relief Pitcher - скачиваем MP3 вместо архива
[2026-05-18 11:40:51] Архив отсутствует для Ren & Stimpy Show, The - Veediots! - скачиваем MP3 вместо архива
[2026-05-18 11:41:34] Архив отсутствует для SimCity 2000 - скачиваем MP3 вместо архива
[2026-05-18 11:41:59] Архив отсутствует для Steel Talons - скачиваем MP3 вместо архива
[2026-05-18 11:43:25] Архив отсутствует для Test Drive II - The Duel - скачиваем MP3 вместо архива
[2026-05-18 11:43:25] Архив отсутствует для Terminator, The - скачиваем MP3 вместо архива
[2026-05-18 11:44:07] Архив отсутствует для Wayne's World - скачиваем MP3 вместо архива
[2026-05-18 11:44:09] Архив отсутствует для Where in Time is Carmen Sandiego - скачиваем MP3 вместо архива
[2026-05-18 11:44:09] Архив отсутствует для Where in the World is Carmen Sandiego - скачиваем MP3 вместо архива


[2026-05-18 12:17:54] Архив отсутствует для 3 Ninjas Kick Back (SCD) - скачиваем MP3 вместо архива
[2026-05-18 12:17:59] Архив отсутствует для AD&D - Eye of the Beholder (SCD) - скачиваем MP3 вместо архива
[2026-05-18 12:18:07] Архив отсутствует для Adventures of Batman & Robin, The (SCD) - скачиваем MP3 вместо архива
[2026-05-18 12:18:12] Архив отсутствует для After Armageddon Gaiden - Majuu Toushouden Eclipse (SCD) - скачиваем MP3 вместо архива
[2026-05-18 12:18:23] Архив отсутствует для After Burner III (SCD) - скачиваем MP3 вместо архива
[2026-05-18 12:18:23] Архив отсутствует для Aisle Lord (SCD) - скачиваем MP3 вместо архива
[2026-05-18 12:18:23] Архив отсутствует для AH-3 ThunderStrike  (SCD) - скачиваем MP3 вместо архива
[2026-05-18 12:18:38] Архив отсутствует для Amazing Spider-Man vs. The Kingpin, The (SCD) - скачиваем MP3 вместо архива
[2026-05-18 12:18:38] Архив отсутствует для Alshark (SCD) - скачиваем MP3 вместо архива
[2026-05-18 12:18:50] Архив отсутствует для Aoki Ookami to Shiroki Mejika - Genchou Hishi (SCD) - скачиваем MP3 вместо архива
[2026-05-18 12:18:50] Архив отсутствует для Anett Futatabi (SCD) - скачиваем MP3 вместо архива
[2026-05-18 12:18:50] Архив отсутствует для Android Assault - The Revenge of Bari-Arm  (SCD) - скачиваем MP3 вместо архива
[2026-05-18 12:19:09] Архив отсутствует для Arcus I-II-III (SCD) - скачиваем MP3 вместо архива
[2026-05-18 12:19:09] Архив отсутствует для Arislan Senki - The Heroic Legend of Arslan (SCD) - скачиваем MP3 вместо архива
[2026-05-18 12:19:19] Архив отсутствует для Bakuden - Unbalanced Zone (SCD) - скачиваем MP3 вместо архива
[2026-05-18 12:19:25] Архив отсутствует для Battlecorps (SCD) - скачиваем MP3 вместо архива
[2026-05-18 12:19:25] Архив отсутствует для Batman Returns (SCD) - скачиваем MP3 вместо архива
[2026-05-18 12:19:38] Архив отсутствует для BC Racers (SCD) - скачиваем MP3 вместо архива
[2026-05-18 12:19:45] Архив отсутствует для Bill Walsh College Football (SCD) - скачиваем MP3 вместо архива
[2026-05-18 12:19:48] Архив отсутствует для Blackhole Assault (SCD) - скачиваем MP3 вместо архива
[2026-05-18 12:19:56] Архив отсутствует для Bloodshot  (SCD) - скачиваем MP3 вместо архива
[2026-05-18 12:20:09] Архив отсутствует для Bram Stoker's Dracula (SCD) - скачиваем MP3 вместо архива
[2026-05-18 12:20:09] Архив отсутствует для Brutal - Paws of Fury  (SCD) - скачиваем MP3 вместо архива
[2026-05-18 12:20:15] Архив отсутствует для Burai - Hachitama no Yuushi Densetsu (SCD) - скачиваем MP3 вместо архива
[2026-05-18 12:20:24] Архив отсутствует для Captain Tsubasa (SCD) - скачиваем MP3 вместо архива
[2026-05-18 12:20:28] Архив отсутствует для Championship Soccer '94  (SCD) - скачиваем MP3 вместо архива
[2026-05-18 12:20:33] Архив отсутствует для Chuck Rock (SCD) - скачиваем MP3 вместо архива
[2026-05-18 12:20:38] Архив отсутствует для Cliffhanger (SCD) - скачиваем MP3 вместо архива
[2026-05-18 12:20:38] Архив отсутствует для Chuck Rock II - Son of Chuck (SCD) - скачиваем MP3 вместо архива
[2026-05-18 12:20:56] Архив отсутствует для Cyborg 009 (SCD) - скачиваем MP3 вместо архива
[2026-05-18 12:21:00] Архив отсутствует для Daihoushinden (SCD) - скачиваем MP3 вместо архива
[2026-05-18 12:21:06] Архив отсутствует для Devastator (SCD) - скачиваем MP3 вместо архива
[2026-05-18 12:21:06] Архив отсутствует для Detonator Orgun (SCD) - скачиваем MP3 вместо архива
[2026-05-18 12:21:21] Архив отсутствует для Dungeon Explorer (SCD) - скачиваем MP3 вместо архива
[2026-05-18 12:21:21] Архив отсутствует для Dungeon Master II - Skullkeep (SCD) - скачиваем MP3 вместо архива
[2026-05-18 12:21:32] Архив отсутствует для Dynamic Country Club (SCD) - скачиваем MP3 вместо архива
[2026-05-18 12:21:37] Архив отсутствует для Earthworm Jim - Special Edition (SCD) - скачиваем MP3 вместо архива
[2026-05-18 12:21:37] Архив отсутствует для Earnest Evans (SCD) - скачиваем MP3 вместо архива
[2026-05-18 12:21:47] Архив отсутствует для Ecco - The Tides of Time  (SCD) - скачиваем MP3 вместо архива
[2026-05-18 12:21:57] Архив отсутствует для Ecco the Dolphin (SCD) - скачиваем MP3 вместо архива
[2026-05-18 12:21:57] Архив отсутствует для Egawa Suguru no Super League CD (SCD) - скачиваем MP3 вместо архива
[2026-05-18 12:22:09] Архив отсутствует для ESPN National Hockey Night (SCD) - скачиваем MP3 вместо архива
[2026-05-18 12:22:09] Архив отсутствует для Eternal Champions - Challenge from the Dark Side (SCD) - скачиваем MP3 вместо архива
[2026-05-18 12:22:15] Архив отсутствует для F1 Circus CD (SCD) - скачиваем MP3 вместо архива
[2026-05-18 12:22:24] Архив отсутствует для Fatal Fury Special  (SCD) - скачиваем MP3 вместо архива
[2026-05-18 12:22:33] Архив отсутствует для FIFA International Soccer  (SCD) - скачиваем MP3 вместо архива
[2026-05-18 12:22:33] Архив отсутствует для Final Fight CD (SCD) - скачиваем MP3 вместо архива
[2026-05-18 12:22:43] Архив отсутствует для Formula One World Championship - Beyond the Limit  (SCD) - скачиваем MP3 вместо архива
[2026-05-18 12:22:43] Архив отсутствует для Flink (SCD) - скачиваем MP3 вместо архива
[2026-05-18 12:22:56] Архив отсутствует для Gambler Jiko Chuushinha 2 - Gekitou! Tokyo Mahjongland-hen (SCD) - скачиваем MP3 вместо архива
[2026-05-18 12:23:02] Архив отсутствует для Game no Kanzume Vol. 1 (SCD) - скачиваем MP3 вместо архива
[2026-05-18 12:23:09] Архив отсутствует для Geneitoshi - Illusion City (SCD) - скачиваем MP3 вместо архива
[2026-05-18 12:23:22] Архив отсутствует для Heavy Nova (SCD) - скачиваем MP3 вместо архива
[2026-05-18 12:23:22] Архив отсутствует для Heart of the Alien - Out of this World Parts I & II (SCD) - скачиваем MP3 вместо архива
[2026-05-18 12:23:35] Архив отсутствует для Heimdall (SCD) - скачиваем MP3 вместо архива
[2026-05-18 12:23:40] Архив отсутствует для Hook (SCD) - скачиваем MP3 вместо архива
[2026-05-18 12:23:52] Архив отсутствует для Jaguar XJ220 (SCD) - скачиваем MP3 вместо архива
[2026-05-18 12:24:00] Архив отсутствует для Jangou World Cup (SCD) - скачиваем MP3 вместо архива
[2026-05-18 12:24:08] Архив отсутствует для Jeopardy! (SCD) - скачиваем MP3 вместо архива
[2026-05-18 12:24:10] Архив отсутствует для Joe Montana's NFL Football (SCD) - скачиваем MP3 вместо архива
[2026-05-18 12:24:18] Архив отсутствует для Keio Flying Squadron  (SCD) - скачиваем MP3 вместо архива
[2026-05-18 12:24:18] Архив отсутствует для Jurassic Park (SCD) - скачиваем MP3 вместо архива
[2026-05-18 12:24:52] Архив отсутствует для Lethal Enforcers (SCD) - скачиваем MP3 вместо архива
[2026-05-18 12:25:03] Архив отсутствует для Lethal Enforcers II - Gun Fighters (SCD) - скачиваем MP3 вместо архива
[2026-05-18 12:25:12] Архив отсутствует для Lodoss Tou Senki - Eiyuu Sensou (SCD) - скачиваем MP3 вместо архива
[2026-05-18 12:25:12] Архив отсутствует для Lords of Thunder (SCD) - скачиваем MP3 вместо архива
[2026-05-18 12:25:26] Архив отсутствует для Lunar - Eternal Blue (SCD) - скачиваем MP3 вместо архива
[2026-05-18 12:25:26] Архив отсутствует для Lunar - The Silver Star (SCD) - скачиваем MP3 вместо архива
[2026-05-18 12:25:36] Архив отсутствует для Marko's Magic Football (SCD) - скачиваем MP3 вместо архива
[2026-05-18 12:25:36] Архив отсутствует для Mary Shelley's Frankenstein (SCD) - скачиваем MP3 вместо архива
[2026-05-18 12:25:43] Архив отсутствует для Masked Rider, The - Kamen Rider ZO (SCD) - скачиваем MP3 вместо архива
[2026-05-18 12:25:48] Архив отсутствует для Mega Schwarzschild (SCD) - скачиваем MP3 вместо архива
[2026-05-18 12:25:52] Архив отсутствует для Mickey Mania - The Timeless Adventures of Mickey Mouse (SCD) - скачиваем MP3 вместо архива
[2026-05-18 12:26:01] Архив отсутствует для Midnight Raiders (SCD) - скачиваем MP3 вместо архива
[2026-05-18 12:26:01] Архив отсутствует для Microcosm (SCD) - скачиваем MP3 вместо архива
[2026-05-18 12:26:08] Архив отсутствует для Mortal Kombat  (SCD) - скачиваем MP3 вместо архива
[2026-05-18 12:26:16] Архив отсутствует для NBA Jam (SCD) - скачиваем MP3 вместо архива
[2026-05-18 12:26:25] Архив отсутствует для Night Striker (SCD) - скачиваем MP3 вместо архива
[2026-05-18 12:26:25] Архив отсутствует для NHL '94 (SCD) - скачиваем MP3 вместо архива
[2026-05-18 12:26:35] Архив отсутствует для Ninja Warriors, The (SCD) - скачиваем MP3 вместо архива
[2026-05-18 12:26:43] Архив отсутствует для Nobunaga no Yabou - Haouden (SCD) - скачиваем MP3 вместо архива
[2026-05-18 12:26:52] Архив отсутствует для Novastorm (SCD) - скачиваем MP3 вместо архива
[2026-05-18 12:26:52] Архив отсутствует для Nostalgia 1907 (SCD) - скачиваем MP3 вместо архива
[2026-05-18 12:27:07] Архив отсутствует для Panic!  (SCD) - скачиваем MP3 вместо архива
[2026-05-18 12:27:20] Архив отсутствует для Pitfall - The Mayan Adventure (SCD) - скачиваем MP3 вместо архива
[2026-05-18 12:27:31] Архив отсутствует для Powermonger (SCD) - скачиваем MP3 вместо архива
[2026-05-18 12:27:31] Архив отсутствует для Prince of Persia (SCD) - скачиваем MP3 вместо архива
[2026-05-18 12:27:38] Архив отсутствует для Puggsy (SCD) - скачиваем MP3 вместо архива
[2026-05-18 12:27:38] Архив отсутствует для Pro Yakyuu Super League CD (SCD) - скачиваем MP3 вместо архива
[2026-05-18 12:27:38] Архив отсутствует для Psychic Detective Series Vol. 3 - Aya (SCD) - скачиваем MP3 вместо архива
[2026-05-18 12:27:51] Архив отсутствует для Quiz Scramble Special (SCD) - скачиваем MP3 вместо архива
[2026-05-18 12:27:54] Архив отсутствует для Racing Aces (SCD) - скачиваем MP3 вместо архива
[2026-05-18 12:28:00] Архив отсутствует для Ranma 1-2 - Byakuran Aika (SCD) - скачиваем MP3 вместо архива
[2026-05-18 12:28:06] Архив отсутствует для RDF - Global Conflict (SCD) - скачиваем MP3 вместо архива
[2026-05-18 12:28:11] Архив отсутствует для Revengers of Vengeance  (SCD) - скачиваем MP3 вместо архива
[2026-05-18 12:28:11] Архив отсутствует для Revenge of the Ninja (SCD) - скачиваем MP3 вместо архива
[2026-05-18 12:28:19] Архив отсутствует для Road Avenger  (SCD) - скачиваем MP3 вместо архива
[2026-05-18 12:28:19] Архив отсутствует для Rise of the Dragon  (SCD) - скачиваем MP3 вместо архива
[2026-05-18 12:28:23] Архив отсутствует для Robo Aleste  (SCD) - скачиваем MP3 вместо архива
[2026-05-18 12:28:35] Архив отсутствует для Samurai Shodown  (SCD) - скачиваем MP3 вместо архива
[2026-05-18 12:28:35] Архив отсутствует для Sangokushi III (SCD) - скачиваем MP3 вместо архива
[2026-05-18 12:28:47] Архив отсутствует для Sega Classics Arcade Collection (SCD) - скачиваем MP3 вместо архива
[2026-05-18 12:28:51] Архив отсутствует для Seirei Shinseiki - Fhey Area (SCD) - скачиваем MP3 вместо архива
[2026-05-18 12:28:52] Архив отсутствует для Sengoku Denshou (SCD) - скачиваем MP3 вместо архива
[2026-05-18 12:29:03] Архив отсутствует для Shadow of the Beast II  [Beast II] (SCD) - скачиваем MP3 вместо архива
[2026-05-18 12:29:08] Архив отсутствует для Shadowrun (SCD) - скачиваем MP3 вместо архива
[2026-05-18 12:29:11] Архив отсутствует для Shining Force CD (SCD) - скачиваем MP3 вместо архива
[2026-05-18 12:29:27] Архив отсутствует для SimEarth (SCD) - скачиваем MP3 вместо архива
[2026-05-18 12:29:30] Архив отсутствует для Slam City (SCD) - скачиваем MP3 вместо архива
[2026-05-18 12:29:30] Архив отсутствует для Smurfs, The (SCD) - скачиваем MP3 вместо архива
[2026-05-18 12:29:36] Архив отсутствует для Sol-Feace (SCD) - скачиваем MP3 вместо архива
[2026-05-18 12:29:44] Архив отсутствует для Sonic CD  (SCD) - скачиваем MP3 вместо архива
[2026-05-18 12:29:56] Архив отсутствует для Space Adventure, The (SCD) - скачиваем MP3 вместо архива
[2026-05-18 12:29:56] Архив отсутствует для SoulStar (SCD) - скачиваем MP3 вместо архива
[2026-05-18 12:30:14] Архив отсутствует для Star Wars - Rebel Assault (SCD) - скачиваем MP3 вместо архива
[2026-05-18 12:30:14] Архив отсутствует для Stellar-Fire (SCD) - скачиваем MP3 вместо архива
[2026-05-18 12:30:34] Архив отсутствует для Surgical Strike (SCD) - скачиваем MP3 вместо архива
[2026-05-18 12:30:37] Архив отсутствует для Syndicate (SCD) - скачиваем MP3 вместо архива
[2026-05-18 12:30:50] Архив отсутствует для Tenbu Mega CD Special (SCD) - скачиваем MP3 вместо архива
[2026-05-18 12:30:50] Архив отсутствует для Tenka Fubu - Eiyuu-tachi no Houkou (SCD) - скачиваем MP3 вместо архива
[2026-05-18 12:31:05] Архив отсутствует для Third World War (SCD) - скачиваем MP3 вместо архива
[2026-05-18 12:31:05] Архив отсутствует для Terminator, The (SCD) - скачиваем MP3 вместо архива
[2026-05-18 12:31:05] Архив отсутствует для Theme Park (SCD) - скачиваем MP3 вместо архива
[2026-05-18 12:31:28] Архив отсутствует для Urusei Yatsura - Dear My Friends (SCD) - скачиваем MP3 вместо архива
[2026-05-18 12:31:31] Архив отсутствует для Vay  (SCD) - скачиваем MP3 вместо архива
[2026-05-18 12:31:41] Архив отсутствует для Wakusei Woodstock - Funky Horror Band (SCD) - скачиваем MP3 вместо архива
[2026-05-18 12:31:48] Архив отсутствует для Wild Woody (SCD) - скачиваем MP3 вместо архива
[2026-05-18 12:31:48] Архив отсутствует для Wheel of Fortune (SCD) - скачиваем MP3 вместо архива
[2026-05-18 12:31:56] Архив отсутствует для Wing Commander (SCD) - скачиваем MP3 вместо архива
[2026-05-18 12:31:56] Архив отсутствует для Winning Post (SCD) - скачиваем MP3 вместо архива
[2026-05-18 12:32:01] Архив отсутствует для Wolfchild (SCD) - скачиваем MP3 вместо архива
[2026-05-18 12:32:01] Архив отсутствует для Wonder Dog (SCD) - скачиваем MP3 вместо архива
[2026-05-18 12:32:14] Архив отсутствует для World Cup USA 94 (SCD) - скачиваем MP3 вместо архива



[2026-05-18 12:36:32] Архив отсутствует для Advanced Variable Geo - скачиваем MP3 вместо архива
[2026-05-18 12:36:37] Архив отсутствует для Akazukin Cha Cha - Osawagase Panic Race - скачиваем MP3 вместо архива
[2026-05-18 12:36:38] Архив отсутствует для Ai Chou Aniki - скачиваем MP3 вместо архива
[2026-05-18 12:36:46] Архив отсутствует для Angels 2 - Holy Night - скачиваем MP3 вместо архива
[2026-05-18 12:36:46] Архив отсутствует для Anesan - скачиваем MP3 вместо архива
[2026-05-18 12:36:58] Архив отсутствует для Aurora Quest - Otaku no Seiza in Another World - скачиваем MP3 вместо архива
[2026-05-18 12:36:58] Архив отсутствует для Asuka 120% Maxima - Burning Fest - скачиваем MP3 вместо архива
[2026-05-18 12:37:08] Архив отсутствует для Baby Jo - The Super Hero - скачиваем MP3 вместо архива
[2026-05-18 12:37:08] Архив отсутствует для Bakuden - Unbalanced Zone - скачиваем MP3 вместо архива
[2026-05-18 12:37:08] Архив отсутствует для Avenger - скачиваем MP3 вместо архива
[2026-05-18 12:37:08] Архив отсутствует для AV Tanjou - скачиваем MP3 вместо архива
[2026-05-18 12:37:08] Архив отсутствует для Babel - скачиваем MP3 вместо архива
[2026-05-18 12:37:24] Архив отсутствует для Basted - скачиваем MP3 вместо архива
[2026-05-18 12:37:24] Архив отсутствует для Bakushou Yoshimoto Shinkigeki - скачиваем MP3 вместо архива
[2026-05-18 12:37:35] Архив отсутствует для Bikkuriman Daijikai - скачиваем MP3 вместо архива
[2026-05-18 12:37:35] Архив отсутствует для Bishoujo Jyanshi Idol Pai - скачиваем MP3 вместо архива
[2026-05-18 12:37:35] Архив отсутствует для Beyond Shadowgate - скачиваем MP3 вместо архива
[2026-05-18 12:37:46] Архив отсутствует для Bishoujo Senshi Sailor Moon Collection - скачиваем MP3 вместо архива
[2026-05-18 12:37:46] Архив отсутствует для Black Hole Assault - скачиваем MP3 вместо архива
[2026-05-18 12:37:47] Архив отсутствует для Bizarre de Gozarre no Game de Gozarre - скачиваем MP3 вместо архива
[2026-05-18 12:37:58] Архив отсутствует для Bomberman - Panic Bomber - скачиваем MP3 вместо архива
[2026-05-18 12:37:58] Архив отсутствует для Bonanza Bros. - скачиваем MP3 вместо архива
[2026-05-18 12:37:58] Архив отсутствует для Bonk 3 - Bonk's Big Adventure CD - скачиваем MP3 вместо архива
[2026-05-18 12:38:17] Архив отсутствует для Brandish - скачиваем MP3 вместо архива
[2026-05-18 12:38:22] Архив отсутствует для Browning - скачиваем MP3 вместо архива
[2026-05-18 12:38:22] Архив отсутствует для Builderland - скачиваем MP3 вместо архива
[2026-05-18 12:38:31] Архив отсутствует для Burai - Hachigyoku no Yuushi Densetsu - скачиваем MP3 вместо архива
[2026-05-18 12:38:31] Архив отсутствует для Burai II - Yami Koutei no Gyakushuu - скачиваем MP3 вместо архива
[2026-05-18 12:38:40] Архив отсутствует для Can Can Bunny Extra DX - скачиваем MP3 вместо архива
[2026-05-18 12:38:40] Архив отсутствует для Camp California - скачиваем MP3 вместо архива
[2026-05-18 12:38:40] Архив отсутствует для Cardangels - скачиваем MP3 вместо архива
[2026-05-18 12:38:53] Архив отсутствует для CD Hanafuda Bishoujo Fan Club - скачиваем MP3 вместо архива
[2026-05-18 12:38:53] Архив отсутствует для CD Mahjong Bishoujo Chuushinha - скачиваем MP3 вместо архива
[2026-05-18 12:38:53] Архив отсутствует для CD Pachi Slot Bishoujo Gambler - скачиваем MP3 вместо архива
[2026-05-18 12:38:53] Архив отсутствует для CD Battle - Hikari no Eiyuu-tachi - скачиваем MP3 вместо архива
[2026-05-18 12:38:53] Архив отсутствует для CD Bishoujo Pachinko Kyuuma Yon Shimai - скачиваем MP3 вместо архива
[2026-05-18 12:39:03] Архив отсутствует для Championship Rally - скачиваем MP3 вместо архива
[2026-05-18 12:40:58] Архив отсутствует для Championship Rally - скачиваем MP3 вместо архива
[2026-05-18 12:41:04] Архив отсутствует для Chip-chan Kick! - скачиваем MP3 вместо архива
[2026-05-18 12:41:04] Архив отсутствует для Chiki Chiki Boys - скачиваем MP3 вместо архива
[2026-05-18 12:41:04] Архив отсутствует для Chou Aniki - скачиваем MP3 вместо архива
[2026-05-18 12:41:22] Архив отсутствует для Choujin Heiki Zeroigar - скачиваем MP3 вместо архива
[2026-05-18 12:41:22] Архив отсутствует для Choujikuu Yousai Macross - Eien no Love Song - скачиваем MP3 вместо архива
[2026-05-18 12:41:22] Архив отсутствует для Choushin Heiki Zeroigar - скачиваем MP3 вместо архива
[2026-05-18 12:41:22] Архив отсутствует для Choujikuu Yousai Macross 2036 - скачиваем MP3 вместо архива
[2026-05-18 12:41:36] Архив отсутствует для Color Wars - скачиваем MP3 вместо архива
[2026-05-18 12:41:40] Архив отсутствует для Cosmic Fantasy 2 - Bouken Shounen Ban - скачиваем MP3 вместо архива
[2026-05-18 12:41:40] Архив отсутствует для Cosmic Fantasy Visual Shuu - скачиваем MP3 вместо архива
[2026-05-18 12:41:40] Архив отсутствует для Cosmic Fantasy 3 - Bouken Shounen Rei - скачиваем MP3 вместо архива
[2026-05-18 12:41:49] Архив отсутствует для Crazy Hospital - Fushigi no Kuni no Tenshi - скачиваем MP3 вместо архива
[2026-05-18 12:41:53] Архив отсутствует для Daisenpuu Custom - скачиваем MP3 вместо архива
[2026-05-18 12:41:53] Архив отсутствует для Daisenryaku II - Campaign-ban - скачиваем MP3 вместо архива
[2026-05-18 12:41:54] Архив отсутствует для Davis Cup Tennis, The - скачиваем MP3 вместо архива
[2026-05-18 12:42:06] Архив отсутствует для Dekoboko Densetsu - Hashiru Wagamanmar - скачиваем MP3 вместо архива
[2026-05-18 12:42:12] Архив отсутствует для Develo Starter Kit - Basic - скачиваем MP3 вместо архива
[2026-05-18 12:42:12] Архив отсутствует для Develo Magazine Vol. 1 - скачиваем MP3 вместо архива
[2026-05-18 12:42:12] Архив отсутствует для Develo Starter Kit - Assembler - скачиваем MP3 вместо архива
[2026-05-18 12:42:23] Архив отсутствует для Doukyuusei II - скачиваем MP3 вместо архива
[2026-05-18 12:42:23] Архив отсутствует для Doraemon - Nobita no Dorabian Night - скачиваем MP3 вместо архива
[2026-05-18 12:42:23] Архив отсутствует для Double Dragon II - The Revenge - скачиваем MP3 вместо архива
[2026-05-18 12:42:30] Архив отсутствует для Downtown Nekketsu Monogatari - скачиваем MP3 вместо архива
[2026-05-18 12:42:30] Архив отсутствует для Downtown Nekketsu Koushinkyoku - Soreyuke Daiundoukai - скачиваем MP3 вместо архива
[2026-05-18 12:42:30] Архив отсутствует для Dragon Ball Z - Idainaru Songokuu Densetsu - скачиваем MP3 вместо архива
[2026-05-18 12:42:44] Архив отсутствует для Dragon Knight IV - скачиваем MP3 вместо архива
[2026-05-18 12:42:48] Архив отсутствует для Dungeon Master - Theron's Quest - скачиваем MP3 вместо архива
[2026-05-18 12:42:57] Архив отсутствует для Efera & Jiliora - The Emblem from Darkness - скачиваем MP3 вместо архива
[2026-05-18 12:42:57] Архив отсутствует для Dynastic Hero, The - скачиваем MP3 вместо архива
[2026-05-18 12:42:57] Архив отсутствует для Eiyuu Sangokushi - скачиваем MP3 вместо архива
[2026-05-18 12:42:57] Архив отсутствует для Eikan wa Kimi ni - Koukou Yakyuu Zenkoku Taikai - скачиваем MP3 вместо архива
[2026-05-18 12:43:18] Архив отсутствует для Exile - Wicked Phenomenon - скачиваем MP3 вместо архива
[2026-05-18 12:43:26] Архив отсутствует для Faerie Dust Story - Meikyuu no Elfine - скачиваем MP3 вместо архива
[2026-05-18 12:43:26] Архив отсутствует для F1 Team Simulation - Project F - скачиваем MP3 вместо архива
[2026-05-18 12:43:26] Архив отсутствует для Faceball - скачиваем MP3 вместо архива
[2026-05-18 12:43:26] Архив отсутствует для F1 Circus Special - Pole to Win - скачиваем MP3 вместо архива
[2026-05-18 12:43:46] Архив отсутствует для Farland Story FX - скачиваем MP3 вместо архива
[2026-05-18 12:43:46] Архив отсутствует для Fantastic Night Dreams - Cotton - скачиваем MP3 вместо архива
[2026-05-18 12:43:46] Архив отсутствует для Faussete Amour - скачиваем MP3 вместо архива
[2026-05-18 12:43:56] Архив отсутствует для Fighting Street - скачиваем MP3 вместо архива
[2026-05-18 12:44:04] Архив отсутствует для Fire Pro Joshi Dome Choujo Taisen - Zenjo vs JWP - скачиваем MP3 вместо архива
[2026-05-18 12:44:04] Архив отсутствует для Final Zone II - скачиваем MP3 вместо архива
[2026-05-18 12:44:15] Архив отсутствует для First Kiss Monogatari - скачиваем MP3 вместо архива
[2026-05-18 12:44:15] Архив отсутствует для Forgotten Worlds - скачиваем MP3 вместо архива
[2026-05-18 12:44:24] Архив отсутствует для Formation Soccer 95 - della Serie A - скачиваем MP3 вместо архива
[2026-05-18 12:44:31] Архив отсутствует для Gain Ground SX - скачиваем MP3 вместо архива
[2026-05-18 12:44:36] Архив отсутствует для Galaxy Deka Gayvan - скачиваем MP3 вместо архива
[2026-05-18 12:44:36] Архив отсутствует для Gambler Jiko Chuushinha - Mahjong Puzzle Collection - скачиваем MP3 вместо архива
[2026-05-18 12:44:36] Архив отсутствует для Gambler Jiko Chuushinha - Gekitou 36 Janshi - скачиваем MP3 вместо архива
[2026-05-18 12:44:47] Архив отсутствует для Gate of Thunder - скачиваем MP3 вместо архива
[2026-05-18 12:44:47] Архив отсутствует для Genocide - скачиваем MP3 вместо архива
[2026-05-18 12:44:59] Архив отсутствует для Ginga Fukei Densetsu Sapphire - скачиваем MP3 вместо архива
[2026-05-18 12:45:07] Архив отсутствует для Godzilla - скачиваем MP3 вместо архива
[2026-05-18 12:45:07] Архив отсутствует для God Panic - Shijou Saikyou Gundan - скачиваем MP3 вместо архива
[2026-05-18 12:45:20] Архив отсутствует для Golden Axe - скачиваем MP3 вместо архива
[2026-05-18 12:45:25] Архив отсутствует для GulClight TDF2 - скачиваем MP3 вместо архива
[2026-05-18 12:45:25] Архив отсутствует для Gradius II - Gofer no Yabou - скачиваем MP3 вместо архива
[2026-05-18 12:45:39] Архив отсутствует для Hataraku Shoujo - Tekipaki Working Love FX - скачиваем MP3 вместо архива
[2026-05-18 12:45:39] Архив отсутствует для Hawk F-123 - скачиваем MP3 вместо архива
[2026-05-18 12:45:47] Архив отсутствует для Hihou Densetsu - Chris no Bouken - скачиваем MP3 вместо архива
[2026-05-18 12:45:47] Архив отсутствует для High Grenadier - скачиваем MP3 вместо архива
[2026-05-18 12:45:47] Архив отсутствует для Hellfire S - скачиваем MP3 вместо архива
[2026-05-18 12:45:59] Архив отсутствует для Hu PGA Tour - Power Golf 2 Golfer - скачиваем MP3 вместо архива
[2026-05-18 12:45:59] Архив отсутствует для Horror Story - скачиваем MP3 вместо архива
[2026-05-18 12:46:08] Архив отсутствует для Hudson Music Sampler - скачиваем MP3 вместо архива
[2026-05-18 12:46:08] Архив отсутствует для Human Sports Festival - скачиваем MP3 вместо архива
[2026-05-18 12:46:08] Архив отсутствует для Hyper Dyne Side Arms Special - скачиваем MP3 вместо архива
[2026-05-18 12:46:08] Архив отсутствует для Hudson's CD Game Music Collection '93 - скачиваем MP3 вместо архива
[2026-05-18 12:46:08] Архив отсутствует для Hyaku Monogatari - Hontoni Atta Kowai Hanashi - скачиваем MP3 вместо архива
[2026-05-18 12:46:36] Архив отсутствует для Hyper Wars - скачиваем MP3 вместо архива
[2026-05-18 12:46:36] Архив отсутствует для Image Fight II - скачиваем MP3 вместо архива
[2026-05-18 12:46:36] Архив отсутствует для Iga Ninden Gaou - скачиваем MP3 вместо архива
[2026-05-18 12:46:51] Архив отсутствует для IQ Panic - скачиваем MP3 вместо архива
[2026-05-18 12:46:51] Архив отсутствует для Implode - скачиваем MP3 вместо архива
[2026-05-18 12:46:51] Архив отсутствует для It Came From The Desert - скачиваем MP3 вместо архива
[2026-05-18 12:47:01] Архив отсутствует для J.League Tremendous Soccer '94 - скачиваем MP3 вместо архива
[2026-05-18 12:47:01] Архив отсутствует для J Thunder - скачиваем MP3 вместо архива
[2026-05-18 12:47:15] Архив отсутствует для Jack Nicklaus Turbo Golf - скачиваем MP3 вместо архива
[2026-05-18 12:47:15] Архив отсутствует для Janshin Densetsu - Quest of Jongmaster - скачиваем MP3 вместо архива
[2026-05-18 12:47:27] Архив отсутствует для Jim Power - скачиваем MP3 вместо архива
[2026-05-18 12:47:27] Архив отсутствует для Juuouki - скачиваем MP3 вместо архива
[2026-05-18 12:47:27] Архив отсутствует для John Madden Duo CD Football - скачиваем MP3 вместо архива
[2026-05-18 12:47:38] Архив отсутствует для Kakutou Haou Densetsu Algunos - скачиваем MP3 вместо архива
[2026-05-18 12:47:38] Архив отсутствует для Kaizou Chounin Shubibinman 3 - Ikai no Princess - скачиваем MP3 вместо архива
[2026-05-18 12:47:46] Архив отсутствует для Kawa no Nushi Tsuri - Shizenha - скачиваем MP3 вместо архива
[2026-05-18 12:47:46] Архив отсутствует для Kaze Kiri - скачиваем MP3 вместо архива
[2026-05-18 12:47:57] Архив отсутствует для Kick Boxing, The - скачиваем MP3 вместо архива
[2026-05-18 12:47:57] Архив отсутствует для Kiaidan 00 - скачиваем MP3 вместо архива
[2026-05-18 12:48:05] Архив отсутствует для Kisou Louga - скачиваем MP3 вместо архива
[2026-05-18 12:48:05] Архив отсутствует для Kisou Louga II - The Ends of Shangrila - скачиваем MP3 вместо архива
[2026-05-18 12:48:05] Архив отсутствует для Kishin Douji Zenki FX - Vajura Fight - скачиваем MP3 вместо архива
[2026-05-18 12:48:17] Архив отсутствует для KO Seiki Beast Sanjuushi - Gaia Fukkatsu Kanketsuhen - скачиваем MP3 вместо архива
[2026-05-18 12:48:17] Архив отсутствует для Konpeki no Kantai - скачиваем MP3 вместо архива
[2026-05-18 12:48:28] Архив отсутствует для L-Dis - скачиваем MP3 вместо архива
[2026-05-18 12:48:35] Архив отсутствует для Langrisser - Hikari no Matsuei - скачиваем MP3 вместо архива
[2026-05-18 12:48:35] Архив отсутствует для Last Alert - скачиваем MP3 вместо архива
[2026-05-18 12:48:35] Архив отсутствует для Lady Phantom - скачиваем MP3 вместо архива
[2026-05-18 12:48:49] Архив отсутствует для Last Armageddon - скачиваем MP3 вместо архива
[2026-05-18 12:48:49] Архив отсутствует для Last Imperial Prince - скачиваем MP3 вместо архива
[2026-05-18 12:49:03] Архив отсутствует для Lemmings - скачиваем MP3 вместо архива
[2026-05-18 12:49:08] Архив отсутствует для Lords of Thunder - скачиваем MP3 вместо архива
[2026-05-18 12:49:08] Архив отсутствует для Lords of the Rising Sun - скачиваем MP3 вместо архива
[2026-05-18 12:49:08] Архив отсутствует для Lord of Wars - скачиваем MP3 вместо архива
[2026-05-18 12:49:08] Архив отсутствует для Loom - скачиваем MP3 вместо архива
[2026-05-18 12:49:30] Архив отсутствует для Mad Stalker - Full Metal Force - скачиваем MP3 вместо архива
[2026-05-18 12:49:30] Архив отсутствует для Lunatic Dawn FX - скачиваем MP3 вместо архива
[2026-05-18 12:49:42] Архив отсутствует для Magical Dinosaur Tour - скачиваем MP3 вместо архива
[2026-05-18 12:49:43] Архив отсутствует для Magicoal - скачиваем MP3 вместо архива
[2026-05-18 12:49:43] Архив отсутствует для Mahjong Clinic Special - скачиваем MP3 вместо архива
[2026-05-18 12:49:53] Архив отсутствует для Mahjong on the Beach - скачиваем MP3 вместо архива
[2026-05-18 12:49:53] Архив отсутствует для Mahjong Gokuu Tenjiku - скачиваем MP3 вместо архива
[2026-05-18 12:49:53] Архив отсутствует для Mahjong Lemon Angel - скачиваем MP3 вместо архива
[2026-05-18 12:50:07] Архив отсутствует для Mahjong Sword - Princess Quest Gaiden - скачиваем MP3 вместо архива
[2026-05-18 12:50:08] Архив отсутствует для Mahjong Vanilla Syndrome - скачиваем MP3 вместо архива
[2026-05-18 12:50:08] Архив отсутствует для Mahou no Shoujo Silky Lip - скачиваем MP3 вместо архива
[2026-05-18 12:50:18] Архив отсутствует для Manhole, The - скачиваем MP3 вместо архива
[2026-05-18 12:53:41] Архив отсутствует для Manhole, The - скачиваем MP3 вместо архива
[2026-05-18 12:53:45] Архив отсутствует для Master of Monsters - скачиваем MP3 вместо архива
[2026-05-18 12:53:45] Архив отсутствует для Mashou Denki La Valeur - скачиваем MP3 вместо архива
[2026-05-18 12:53:45] Архив отсутствует для Mateki Densetsu Astralius - скачиваем MP3 вместо архива
[2026-05-18 12:53:45] Архив отсутствует для Martial Champion - скачиваем MP3 вместо архива
[2026-05-18 12:53:59] Архив отсутствует для Metal Angel 2 - скачиваем MP3 вместо архива
[2026-05-18 12:53:59] Архив отсутствует для Metamor Jupiter - скачиваем MP3 вместо архива
[2026-05-18 12:53:59] Архив отсутствует для Metal Angel - скачиваем MP3 вместо архива
[2026-05-18 12:54:10] Архив отсутствует для Might and Magic - скачиваем MP3 вместо архива
[2026-05-18 12:54:10] Архив отсутствует для Might and Magic III - Isles of Terra - скачиваем MP3 вместо архива
[2026-05-18 12:54:10] Архив отсутствует для Meteor Blaster DX - скачиваем MP3 вместо архива
[2026-05-18 12:54:10] Архив отсутствует для Minesweeper - скачиваем MP3 вместо архива
[2026-05-18 12:54:34] Архив отсутствует для Minimum Nanonic - скачиваем MP3 вместо архива
[2026-05-18 12:54:34] Архив отсутствует для Mirai Shounen Conan - скачиваем MP3 вместо архива
[2026-05-18 12:54:40] Архив отсутствует для Monster Lair - скачиваем MP3 вместо архива
[2026-05-18 12:54:40] Архив отсутствует для Monster Maker - Yami no Ryuukishi - скачиваем MP3 вместо архива
[2026-05-18 12:54:52] Архив отсутствует для Moonlight Lady - скачиваем MP3 вместо архива
[2026-05-18 12:54:56] Архив отсутствует для Mystic Formula - скачиваем MP3 вместо архива
[2026-05-18 12:54:56] Архив отсутствует для Motteke Tamago - скачиваем MP3 вместо архива
[2026-05-18 12:54:56] Архив отсутствует для Mugen Senshi Valis - Legend of a Fantasm Soldier - скачиваем MP3 вместо архива
[2026-05-18 12:54:56] Архив отсутствует для Moto Roader MC - скачиваем MP3 вместо архива
[2026-05-18 12:55:12] Архив отсутствует для Nariagari Trendy - The Sugoroku '92 - скачиваем MP3 вместо архива
[2026-05-18 12:55:16] Архив отсутствует для Nekketsu Koukou Dodgeball-bu - CD Soccer-hen - скачиваем MP3 вместо архива
[2026-05-18 12:55:16] Архив отсутствует для Nekketsu Legend Baseballer - скачиваем MP3 вместо архива
[2026-05-18 12:55:16] Архив отсутствует для Nemurenu Yoru no Chiisana Ohanashi - скачиваем MP3 вместо архива
[2026-05-18 12:55:26] Архив отсутствует для Neo Nectaris - скачиваем MP3 вместо архива
[2026-05-18 12:55:36] Архив отсутствует для Nexzr - скачиваем MP3 вместо архива
[2026-05-18 12:55:44] Архив отсутствует для Ojousama Sousamou - скачиваем MP3 вместо архива
[2026-05-18 12:55:49] Архив отсутствует для Pachio-kun - Maboroshi no Densetsu - скачиваем MP3 вместо архива
[2026-05-18 12:55:57] Архив отсутствует для Parodion - Auto Crusher Palladium - скачиваем MP3 вместо архива
[2026-05-18 12:55:57] Архив отсутствует для Pachio-kun - Warau Uchuu - скачиваем MP3 вместо архива
[2026-05-18 12:55:57] Архив отсутствует для Pachio-kun 3 - Pachi Slot & Pachinko - скачиваем MP3 вместо архива
[2026-05-18 12:55:57] Архив отсутствует для Pachio-kun FX - Maboroshi no Shima Daisakusen - скачиваем MP3 вместо архива
[2026-05-18 12:56:14] Архив отсутствует для PCEngine Hyper Catalog - скачиваем MP3 вместо архива
[2026-05-18 12:56:14] Архив отсутствует для PCEngine Fan Special CD-Rom Volume 1 - скачиваем MP3 вместо архива
[2026-05-18 12:56:20] Архив отсутствует для PCEngine Hyper Catalog 4 - скачиваем MP3 вместо архива
[2026-05-18 12:56:20] Архив отсутствует для PCEngine Hyper Catalog 3 - скачиваем MP3 вместо архива
[2026-05-18 12:56:20] Архив отсутствует для PCEngine Hyper Catalog 6 - скачиваем MP3 вместо архива
[2026-05-18 12:56:20] Архив отсутствует для PCEngine Hyper Catalog 2 - скачиваем MP3 вместо архива
[2026-05-18 12:56:20] Архив отсутствует для PCEngine Hyper Catalog 5 - скачиваем MP3 вместо архива
[2026-05-18 12:56:44] Архив отсутствует для Police Connection - скачиваем MP3 вместо архива
[2026-05-18 12:56:44] Архив отсутствует для Pia Carrot he Youkoso!! - скачиваем MP3 вместо архива
[2026-05-18 12:56:44] Архив отсутствует для Pop'n Magic - скачиваем MP3 вместо архива
[2026-05-18 12:56:49] Архив отсутствует для Power DoLLs FX - скачиваем MP3 вместо архива
[2026-05-18 12:56:49] Архив отсутствует для Populous - The Promised Lands - скачиваем MP3 вместо архива
[2026-05-18 12:57:00] Архив отсутствует для Prince of Persia - скачиваем MP3 вместо архива
[2026-05-18 12:57:08] Архив отсутствует для Princess Minerva - скачиваем MP3 вместо архива
[2026-05-18 12:57:08] Архив отсутствует для Pro Yakyuu Super, The - скачиваем MP3 вместо архива
[2026-05-18 12:57:08] Архив отсутствует для Pro Yakyuu Super '94, The - скачиваем MP3 вместо архива
[2026-05-18 12:57:23] Архив отсутствует для Pro Yakyuu, The - скачиваем MP3 вместо архива
[2026-05-18 12:57:23] Архив отсутствует для Psychic Storm - скачиваем MP3 вместо архива
[2026-05-18 12:57:32] Архив отсутствует для Quiz Avenue - скачиваем MP3 вместо архива
[2026-05-18 12:57:32] Архив отсутствует для Quiz Caravan Cult Q - скачиваем MP3 вместо архива
[2026-05-18 12:57:32] Архив отсутствует для Quiz Avenue III - скачиваем MP3 вместо архива
[2026-05-18 12:57:32] Архив отсутствует для Quiz Avenue II - скачиваем MP3 вместо архива
[2026-05-18 12:57:38] Архив отсутствует для Quiz de Gakuensai - скачиваем MP3 вместо архива
[2026-05-18 12:57:38] Архив отсутствует для Quiz no Hoshi - скачиваем MP3 вместо архива
[2026-05-18 12:57:38] Архив отсутствует для Quiz Tonosama no Yabou - скачиваем MP3 вместо архива
[2026-05-18 12:57:50] Архив отсутствует для R-Type Complete CD - скачиваем MP3 вместо архива
[2026-05-18 12:57:55] Архив отсутствует для Ranma 1-2 - скачиваем MP3 вместо архива
[2026-05-18 12:57:55] Архив отсутствует для Ranma 1-2 - Datou, Ganso Musabetsu Kakutou Ryuu! - скачиваем MP3 вместо архива
[2026-05-18 12:57:55] Архив отсутствует для Rainbow Islands - скачиваем MP3 вместо архива
[2026-05-18 12:58:12] Архив отсутствует для Renny Blaster - скачиваем MP3 вместо архива
[2026-05-18 12:58:12] Архив отсутствует для Riot Zone - скачиваем MP3 вместо архива
[2026-05-18 12:58:12] Архив отсутствует для Rayxanber III - скачиваем MP3 вместо архива
[2026-05-18 12:58:12] Архив отсутствует для Rayxanber II - скачиваем MP3 вместо архива
[2026-05-18 12:58:35] Архив отсутствует для ROM ROM Stadium - скачиваем MP3 вместо архива
[2026-05-18 12:58:35] Архив отсутствует для Rom^2 Karaoke Volume 2 - скачиваем MP3 вместо архива
[2026-05-18 12:58:35] Архив отсутствует для Rom^2 Karaoke Volume 1 - скачиваем MP3 вместо архива
[2026-05-18 12:58:35] Архив отсутствует для Road Spirits - скачиваем MP3 вместо архива
[2026-05-18 12:58:54] Архив отсутствует для Rom^2 Karaoke Volume 2 - Nattoku Idol - скачиваем MP3 вместо архива
[2026-05-18 12:58:54] Архив отсутствует для Rom^2 Karaoke Volume 3 - скачиваем MP3 вместо архива
[2026-05-18 12:58:54] Архив отсутствует для Rom^2 Karaoke Volume 4 - Choito Otona! - скачиваем MP3 вместо архива
[2026-05-18 12:58:54] Архив отсутствует для Rom^2 Karaoke Volume 3 - Yappashi Band - скачиваем MP3 вместо архива
[2026-05-18 12:58:54] Архив отсутствует для Rom^2 Karaoke Volume 4 - скачиваем MP3 вместо архива
[2026-05-18 12:59:25] Архив отсутствует для Rom^2 Karaoke Volume 5 - скачиваем MP3 вместо архива
[2026-05-18 12:59:25] Архив отсутствует для Rururi Ra Rura - скачиваем MP3 вместо архива
[2026-05-18 12:59:25] Архив отсутствует для Rom^2 Karaoke Volume 5 - Maku no Uchi - скачиваем MP3 вместо архива
[2026-05-18 12:59:48] Архив отсутствует для Ryuuko no Ken - скачиваем MP3 вместо архива
[2026-05-18 12:59:54] Архив отсутствует для Sangokushi - Eiketsu Tenka ni Nozomu - скачиваем MP3 вместо архива
[2026-05-18 12:59:54] Архив отсутствует для Seirei Senshi Spriggan - скачиваем MP3 вместо архива
[2026-05-18 12:59:54] Архив отсутствует для Seisenshi Denshou - Jantaku no Kishi - скачиваем MP3 вместо архива
[2026-05-18 13:00:05] Архив отсутствует для Sengoku Kantou Sangokushi - скачиваем MP3 вместо архива
[2026-05-18 13:00:06] Архив отсутствует для Sexy Idol Mahjong - скачиваем MP3 вместо архива
[2026-05-18 13:00:12] Архив отсутствует для Shanghai - Banri no Choujou - скачиваем MP3 вместо архива
[2026-05-18 13:00:12] Архив отсутствует для Sexy Idol Mahjong - Fashion Monogatari - скачиваем MP3 вместо архива
[2026-05-18 13:00:12] Архив отсутствует для Shadow of the Beast - скачиваем MP3 вместо архива
[2026-05-18 13:00:12] Архив отсутствует для Sexy Idol Mahjong - Yakyuuken no Uta - скачиваем MP3 вместо архива
[2026-05-18 13:00:32] Архив отсутствует для Shanghai III - Dragon's Eye - скачиваем MP3 вместо архива
[2026-05-18 13:00:32] Архив отсутствует для Shanghai II - скачиваем MP3 вместо архива
[2026-05-18 13:00:32] Архив отсутствует для Shiawase Usagi - Nureta Bishoujo Ichi Hajimete na no ni - скачиваем MP3 вместо архива
[2026-05-18 13:00:32] Архив отсутствует для Shiawase Usagi 2 - Toraware Usagi Sailor Z - скачиваем MP3 вместо архива
[2026-05-18 13:00:32] Архив отсутствует для Shape Shifter - скачиваем MP3 вместо архива
[2026-05-18 13:00:49] Архив отсутствует для Shin Onryou Senki - скачиваем MP3 вместо архива
[2026-05-18 13:00:49] Архив отсутствует для Shin Nihon Pro Wrestling '94 - Battlefield in Tokyo Dome - скачиваем MP3 вместо архива
[2026-05-18 13:00:50] Архив отсутствует для Shinsetsu Shiawase Usagi - скачиваем MP3 вместо архива
[2026-05-18 13:01:11] Архив отсутствует для Shougi Database Kitomo - скачиваем MP3 вместо архива
[2026-05-18 13:01:11] Архив отсутствует для Shinsetsu Shiawase Usagi F - Yuujiyou Yorimo Aiyoku - скачиваем MP3 вместо архива
[2026-05-18 13:01:11] Архив отсутствует для Shinsetsu Shiawase Usagi 2 - скачиваем MP3 вместо архива
[2026-05-18 13:01:20] Архив отсутствует для SimEarth - The Living Planet - скачиваем MP3 вместо архива
[2026-05-18 13:01:24] Архив отсутствует для Slime World - скачиваем MP3 вместо архива
[2026-05-18 13:01:24] Архив отсутствует для Slot Shoubushi - скачиваем MP3 вместо архива
[2026-05-18 13:01:32] Архив отсутствует для Solid Force - скачиваем MP3 вместо архива
[2026-05-18 13:01:37] Архив отсутствует для Sotsugyou II - Neo Generation FX - скачиваем MP3 вместо архива
[2026-05-18 13:01:40] Архив отсутствует для Space Invaders - The Original Game - скачиваем MP3 вместо архива
[2026-05-18 13:01:40] Архив отсутствует для Space Fantasy Zone - скачиваем MP3 вместо архива
[2026-05-18 13:01:47] Архив отсутствует для Splash Lake - скачиваем MP3 вместо архива
[2026-05-18 13:01:47] Архив отсутствует для Spriggan Mark 2 - Re Terraform Project - скачиваем MP3 вместо архива
[2026-05-18 13:01:58] Архив отсутствует для Steam-Heart's - скачиваем MP3 вместо архива
[2026-05-18 13:01:58] Архив отсутствует для Star Mobile - скачиваем MP3 вместо архива
[2026-05-18 13:02:11] Архив отсутствует для Summer Carnival '92 - Alzadick - скачиваем MP3 вместо архива
[2026-05-18 13:02:11] Архив отсутствует для Strider Hiryuu - скачиваем MP3 вместо архива
[2026-05-18 13:07:33] Архив отсутствует для Strider Hiryuu - скачиваем MP3 вместо архива
[2026-05-18 13:07:36] Архив отсутствует для Super Darius - скачиваем MP3 вместо архива
[2026-05-18 13:07:36] Архив отсутствует для Super Albatross - скачиваем MP3 вместо архива
[2026-05-18 13:07:36] Архив отсутствует для Summer Carnival '93 - Nexzr Special - скачиваем MP3 вместо архива
[2026-05-18 13:07:36] Архив отсутствует для Super Air Zonk - скачиваем MP3 вместо архива
[2026-05-18 13:07:59] Архив отсутствует для Super Darius II - скачиваем MP3 вместо архива
[2026-05-18 13:07:59] Архив отсутствует для Super Mahjong Taikai - скачиваем MP3 вместо архива
[2026-05-18 13:08:14] Архив отсутствует для Super Power League FX - скачиваем MP3 вместо архива
[2026-05-18 13:08:14] Архив отсутствует для Super Real Mahjong PIV Custom - скачиваем MP3 вместо архива
[2026-05-18 13:08:14] Архив отсутствует для Super Raiden - скачиваем MP3 вместо архива
[2026-05-18 13:08:14] Архив отсутствует для Super Real Mahjong PV Custom - скачиваем MP3 вместо архива
[2026-05-18 13:08:14] Архив отсутствует для Super Real Mahjong PII & PIII Custom - скачиваем MP3 вместо архива
[2026-05-18 13:08:33] Архив отсутствует для Super Real Mahjong PV FX - скачиваем MP3 вместо архива
[2026-05-18 13:08:33] Архив отсутствует для Super Real Mahjong Special - скачиваем MP3 вместо архива
[2026-05-18 13:08:33] Архив отсутствует для Super Schwarzschild 2 - скачиваем MP3 вместо архива
[2026-05-18 13:08:33] Архив отсутствует для Super Schwarzschild - скачиваем MP3 вместо архива
[2026-05-18 13:08:46] Архив отсутствует для Sword Master - скачиваем MP3 вместо архива
[2026-05-18 13:08:46] Архив отсутствует для Sylphia - скачиваем MP3 вместо архива
[2026-05-18 13:08:46] Архив отсутствует для SydMead's Terra Forming - скачиваем MP3 вместо архива
[2026-05-18 13:09:05] Архив отсутствует для Taiheiki - скачиваем MP3 вместо архива
[2026-05-18 13:09:05] Архив отсутствует для Tadaima Yuusha Boshuuchuu - скачиваем MP3 вместо архива
[2026-05-18 13:09:08] Архив отсутствует для Tecmo World Cup Super Soccer - скачиваем MP3 вместо архива
[2026-05-18 13:09:08] Архив отсутствует для Tanjou - Debut - скачиваем MP3 вместо архива
[2026-05-18 13:09:22] Архив отсутствует для Tekipaki Working Love - Hataraku Shoujo - скачиваем MP3 вместо архива
[2026-05-18 13:09:27] Архив отсутствует для Tenshi no Uta - скачиваем MP3 вместо архива
[2026-05-18 13:09:34] Архив отсутствует для Tokimeki Card Paradise - Koi no Royal Straight Flush - скачиваем MP3 вместо архива
[2026-05-18 13:09:37] Архив отсутствует для Travel Epuru - скачиваем MP3 вместо архива
[2026-05-18 13:09:37] Архив отсутствует для Travelers! Densetsu wo Buttobase - скачиваем MP3 вместо архива
[2026-05-18 13:09:44] Архив отсутствует для TV Show, The - скачиваем MP3 вместо архива
[2026-05-18 13:09:52] Архив отсутствует для Ultrabox 2 Go - скачиваем MP3 вместо архива
[2026-05-18 13:09:52] Архив отсутствует для Uchuu Senkan Yamato - скачиваем MP3 вместо архива
[2026-05-18 13:09:52] Архив отсутствует для Ultrabox 3 Go - скачиваем MP3 вместо архива
[2026-05-18 13:09:57] Архив отсутствует для Ultrabox 4 Go - скачиваем MP3 вместо архива
[2026-05-18 13:09:57] Архив отсутствует для Ultrabox Sohkan Go - скачиваем MP3 вместо архива
[2026-05-18 13:09:57] Архив отсутствует для Ultrabox 6 Go - скачиваем MP3 вместо архива
[2026-05-18 13:09:57] Архив отсутствует для Ultrabox 5 Go - скачиваем MP3 вместо архива
[2026-05-18 13:10:06] Архив отсутствует для Valis III - скачиваем MP3 вместо архива
[2026-05-18 13:10:06] Архив отсутствует для Valis Visual Shuu - скачиваем MP3 вместо архива
[2026-05-18 13:10:06] Архив отсутствует для Valis IV - The Fantasm Soldier - скачиваем MP3 вместо архива
[2026-05-18 13:10:06] Архив отсутствует для Valis II - скачиваем MP3 вместо архива
[2026-05-18 13:10:21] Архив отсутствует для Vasteel - скачиваем MP3 вместо архива
[2026-05-18 13:10:21] Архив отсутствует для Vasteel 2 - скачиваем MP3 вместо архива
[2026-05-18 13:10:31] Архив отсутствует для Voice Paradise - скачиваем MP3 вместо архива
[2026-05-18 13:10:37] Архив отсутствует для Wakusei Koukitai Little Cats - скачиваем MP3 вместо архива
[2026-05-18 13:10:37] Архив отсутствует для Where in the World is Carmen Sandiego - скачиваем MP3 вместо архива
[2026-05-18 13:10:46] Архив отсутствует для Wizardry V - Heart of the Maelstrom - скачиваем MP3 вместо архива
[2026-05-18 13:10:46] Архив отсутствует для Wizardry III+IV - скачиваем MP3 вместо архива
[2026-05-18 13:10:55] Архив отсутствует для World Heroes 2 - скачиваем MP3 вместо архива
[2026-05-18 13:11:05] Архив отсутствует для Xak III - The Eternal Recurrence - скачиваем MP3 вместо архива
[2026-05-18 13:11:11] Архив отсутствует для Yokoyama Mitsuteru Shin Sangokushi - Tenka wa Ware ni - скачиваем MP3 вместо архива
[2026-05-18 13:11:16] Архив отсутствует для Yuu Yuu Hakusho - Yami Shoubu!! Ankoku Bujutsukai - скачиваем MP3 вместо архива
[2026-05-18 13:11:24] Архив отсутствует для Zan - Kagerou no Jidai - скачиваем MP3 вместо архива
[2026-05-18 13:11:24] Архив отсутствует для Zero4 Champ II - скачиваем MP3 вместо архива
[2026-05-18 13:11:24] Архив отсутствует для Zero Wing - скачиваем MP3 вместо архива
